<?xml version="1.0" encoding="UTF-8"?>
<!-- Generated by org.testng.reporters.JUnitReportReporter -->
<testsuite hostname="TVTE325A-368" failures="0" tests="1" name="fullcreative.POSTRequest" time="8.153" errors="0" timestamp="2023-08-03T21:12:53 IST" skipped="0">
  <testcase classname="fullcreative.POSTRequest" name="CreateRepository_request" time="8.153"/>
  <system-out/>
</testsuite> <!-- fullcreative.POSTRequest -->
